Using Dataset arrhythmia (386 instances, 278 input features, class column: 278).

--------------------------------------------------------------------------------
|                     No selection (kNN with all features)                     |
--------------------------------------------------------------------------------
solution, training, test, reduction, time
11111111111111111111111111111111111111111111111111111111111111111111111111111111111111111111111111111111111111111111111111111111111111111111111111111111111111111111111111111111111111111111111111111111111111111111111111111111111111111111111111111111111111111111111111111111111111, 0.654639175257732, 0.6197916666666666, 0.0, 0.083104
11111111111111111111111111111111111111111111111111111111111111111111111111111111111111111111111111111111111111111111111111111111111111111111111111111111111111111111111111111111111111111111111111111111111111111111111111111111111111111111111111111111111111111111111111111111111111, 0.6288659793814433, 0.6302083333333334, 0.0, 0.081067
11111111111111111111111111111111111111111111111111111111111111111111111111111111111111111111111111111111111111111111111111111111111111111111111111111111111111111111111111111111111111111111111111111111111111111111111111111111111111111111111111111111111111111111111111111111111111, 0.5979381443298969, 0.6614583333333334, 0.0, 0.086668
11111111111111111111111111111111111111111111111111111111111111111111111111111111111111111111111111111111111111111111111111111111111111111111111111111111111111111111111111111111111111111111111111111111111111111111111111111111111111111111111111111111111111111111111111111111111111, 0.6134020618556701, 0.6770833333333334, 0.0, 0.086518
11111111111111111111111111111111111111111111111111111111111111111111111111111111111111111111111111111111111111111111111111111111111111111111111111111111111111111111111111111111111111111111111111111111111111111111111111111111111111111111111111111111111111111111111111111111111111, 0.6030927835051546, 0.6614583333333334, 0.0, 0.08479
11111111111111111111111111111111111111111111111111111111111111111111111111111111111111111111111111111111111111111111111111111111111111111111111111111111111111111111111111111111111111111111111111111111111111111111111111111111111111111111111111111111111111111111111111111111111111, 0.6197916666666666, 0.654639175257732, 0.0, 0.082377
11111111111111111111111111111111111111111111111111111111111111111111111111111111111111111111111111111111111111111111111111111111111111111111111111111111111111111111111111111111111111111111111111111111111111111111111111111111111111111111111111111111111111111111111111111111111111, 0.6302083333333334, 0.6288659793814433, 0.0, 0.08923
11111111111111111111111111111111111111111111111111111111111111111111111111111111111111111111111111111111111111111111111111111111111111111111111111111111111111111111111111111111111111111111111111111111111111111111111111111111111111111111111111111111111111111111111111111111111111, 0.6614583333333334, 0.5979381443298969, 0.0, 0.085096
11111111111111111111111111111111111111111111111111111111111111111111111111111111111111111111111111111111111111111111111111111111111111111111111111111111111111111111111111111111111111111111111111111111111111111111111111111111111111111111111111111111111111111111111111111111111111, 0.6770833333333334, 0.6134020618556701, 0.0, 0.088801
11111111111111111111111111111111111111111111111111111111111111111111111111111111111111111111111111111111111111111111111111111111111111111111111111111111111111111111111111111111111111111111111111111111111111111111111111111111111111111111111111111111111111111111111111111111111111, 0.6614583333333334, 0.6030927835051546, 0.0, 0.081456

--------------------------------------------------------------------------------
|                         Sequential Forward Selection                         |
--------------------------------------------------------------------------------
solution, training, test, reduction, time
00000000000000000000000000000000000000000000000000000000000000000000000000000000000000000000000000000000000000000000000000000000000000000000000000000000000000000000000000000000000000000000000000000000000000000000000000000010000000000000000000000000000000000000000000000000000000, 0.711340206185567, 0.6875, 0.9964028776978417, 1.046684
00000000000000000000000000000000001000000000000000000000000000000000000000000000001000000000000000000000000000000000000000000000000000000000000000000000000000000000000000000000000000000000000000000000000000000000000000010010000000000000000000000000000000000000000000000000000000, 0.7628865979381443, 0.65625, 0.9856115107913669, 1.989039
00000000000100000000000100000000000000000000000000000000000000000000000000000000000000000001000000000000000000000000000000000000000000000000000000000000000000000000000000000000000000000000000000000000000000000000000000000000000000000000000000000000000000000000000000000000000000, 0.7525773195876289, 0.6145833333333334, 0.9892086330935251, 1.571095
00000000000000000000000000000000000000000000000000000000000000000000000000000000001000000000000000000000000000000000000000000000000000000000000000000000000000000000000000000000000000000000000000001000000000000000000000000010000000000000000000000000000000000000000000000000000000, 0.7371134020618557, 0.7291666666666666, 0.9892086330935251, 1.574532
00000000000000000000001000000010000010000000000000000000000000000000000000000000000000000000000000100000000000000000000000000000000000000000000000000000000000000000000000000000100000000000010000000000000000000000000000000010000000000000000000000000000000000000000000000000000000, 0.7680412371134021, 0.6822916666666666, 0.9748201438848921, 3.381983
00000000000100100000000000000000000000000000000000000000000000000100000000000000000000000100000000000000000000000000000000000000000000000000000000000000000000000000000000000000000000000000000000000000000000000000000000000000000000000000000000000000000000000000000000000000000000, 0.7552083333333334, 0.6958762886597938, 0.9856115107913669, 1.649903
00000000000000000000000000000000000000000000000000100000000000000000000000000000000010000000000000000000000000000000000000000000000000000000000000000000000000000000000000000000100000000000000000000000000000000000000000000010000000000000000000000000000000000000000000000000000000, 0.7135416666666666, 0.7319587628865979, 0.9856115107913669, 1.992386
00000000000000000000000000000000000000000000010000000000000000000000000000000000000000000000000000000000000000000000000000000000000000000000000000000000000000000000000000000000000000000000000000000001000000000000000000000010000000000000000000000000000000000000000000000000000000, 0.7395833333333334, 0.6855670103092784, 0.9892086330935251, 1.597989
00000000000100000000001000000000000000000000000000000000000000000000000000000000000000000100000000000000000000000000000000000000000000000000000000000000000000000000000000000000000000000000000000000000000000000000000000000000000000000000000000000000000000000000000000000000000000, 0.7447916666666666, 0.6391752577319587, 0.9892086330935251, 1.474581
00000000000100000000000000000000000000000000000000000000000000000000000000000000000000000100000000000000000000000000000000000000000000000000000000000000000000000000000000000000000000000000000000000000000000000000000000000000000000000000000000000000000000000000000000000000000000, 0.7135416666666666, 0.6907216494845361, 0.9928057553956835, 1.132484

--------------------------------------------------------------------------------
|                        Sequential Backward Selection                         |
--------------------------------------------------------------------------------
solution, training, test, reduction, time
11111110111111111111111111111111111111111111111111111111111111111111111111111111111111111111111111111111111111111111111111111111111111111111111111111111111101111111111111111111111111111111111111111111111111111111111111111111111111111111111111111111111111111111111111111111111111, 0.6649484536082474, 0.6458333333333334, 0.007194244604316547, 39.476589
11111111111101111111111111111111111111111111111111111111111111111111111111111111111111111111111111111111111111111111111111111111101111111111111111111111111111111111111111111111111111011111111111111111111111111111111110111111111111111111111111111111111111111111111111111111111111, 0.6907216494845361, 0.5989583333333334, 0.014388489208633094, 62.817041
11111111111111111111111111111111111111111111111111111111111111111111111111111111111111111111111111111111111111111111111111111111111111111111111111111111111111111111111111111111111111011111111111111111111111111111111111111111111111111111111111111111111111111111111111111111111111, 0.6804123711340206, 0.625, 0.0035971223021582736, 25.485958
11111111100111111111111111111111111111111111111111111111111111111110111111111111111111111111111111111111111111111111111111111111111111111111111111111111111111111111111111111111111111111111111111111111111111111111111111111111111111111111111111111111111111111111111111111111111111, 0.6855670103092784, 0.640625, 0.01079136690647482, 50.454612
11111111111111111111111111111111111111111111111111111111111111111111111111111111111111111111111111111111111111111111111111111111111111101111111111111111111111111111111111111111111111111111111111111111111111111111111111111111111111111111111111111111111111111111111111111111111111, 0.6752577319587629, 0.640625, 0.0035971223021582736, 25.48337
11111111101111111111111111111111111111111111111111111111111111111111111111111111111111111111111111111111111111111111111111111111111111111111111111111111111111111111111111111111111111111111111111111111111111111111111111111111111111111111111111111111111111111111111111111111111111, 0.6822916666666666, 0.6237113402061856, 0.0035971223021582736, 25.6697
11111111111111111111111111111111111111111111111111111111111111111111111111111111111111111111111111111111111111111111111111111111111111111111111111110111111111111111111111111111111111111111111111111111111111111111111111111111111111111111111111111111111111111111111111111111111111, 0.6510416666666666, 0.6288659793814433, 0.0035971223021582736, 25.643179
11111111111111111111111111111111111111111011111111111111111111101111111111111111111111111111111111111111111111111111111111111111111111111111111111111111111111111111111111111111111111111111111111111111111111111111111111111111111111111111111111111111111111111111111111111111111111, 0.671875, 0.6494845360824743, 0.007194244604316547, 38.185272
11110111111011111111111111111111111111111111111111111111111111111111111111111111111111111111111111111111111111111111111111111111111111111111111111111111111111111111111111111111111111111111111111111111111111111111111111111111111111111111111111111111111111111111111111111111111111, 0.6927083333333334, 0.6030927835051546, 0.007194244604316547, 38.306926
11111111111111111111111111111111111111111111111111111111111111111111111111111111111111111111111111111111111111111111111111111111111101111111111111111111111111111111111111111111111111111111111111111111111111111111111111111111111111111111111111111111111111111111111111111111111111, 0.6666666666666666, 0.6597938144329897, 0.0035971223021582736, 25.837081

--------------------------------------------------------------------------------
|                          First-descent Local Search                          |
--------------------------------------------------------------------------------
solution, training, test, reduction, time
11001111110101100100010010001000111110001111110110010011101001101111001100001110100110110100111011001110000011111110000001111110011001000111110101000111010000101011100000010010001000100001000011001110100011101100001011101111010010101101101110101011111100110001100000101011100100, 0.7010309278350515, 0.5885416666666666, 0.4892086330935252, 18.878866
11000011100101100100010010001000111110001111110110010011101001101110001100001110100110110100111011011010000011111110000001111110011001000111110101000111010000101011100000010010001000100001000011001110000011101100011111101111010010101001101110101011111100110001100000110111100100, 0.6855670103092784, 0.625, 0.5, 12.356026
11001111100101100100010010001000111110001111110110010011101001101111001100001110100110110000111011011110000011111110000001111010011001100111110101000111010000101011000000010010011000100001000011001110000011101100001011101111010010101101101110101011111100110001101000111111100100, 0.6649484536082474, 0.6458333333333334, 0.4856115107913669, 14.290053
11001111100101100100010010001000111110001111010110010011101001101111001100001110100110110100111011011110000011111110000001111110011001000111110101000111010000100001100000010010011010100001000011001110000011101100011011101111110010101101101111101011111100110011100000111111100100, 0.6804123711340206, 0.5885416666666666, 0.4748201438848921, 11.934242
11001111100100100100010010001000111010001111111110010111101001101111001100001110100110110110111011011110000011111110000001111010011001000111110101000111010000101011100000010010011000100001000011001110000011101100111011101111110010101101101110101011111100110001100010111111100100, 0.6855670103092784, 0.6614583333333334, 0.4676258992805755, 12.54191
11001111100101100100010010001000111110001111110110010011101001100111001101001110100110110100111011011110010011111110000001111110011001100111110101000111010000101011100000010010011000100001000011001110000011101100001011101101010010101101101110101011111100110001100000111111100100, 0.640625, 0.6597938144329897, 0.4784172661870504, 11.726515
11001111100101100100010010001000111110001111010110010011101001101111001100001110100110110100111011011110000011111110000001111110011001000111110101000111010000101011100000010010111000100001000011001110000011101100011011101111010010101101101110101011111100110001100000111111100100, 0.6614583333333334, 0.6391752577319587, 0.4784172661870504, 7.366402
11001111100101100100010010001000111110001111110110010011101001101111001100001110100110110110111011011110000011111110000001111110011001000111110101000111010000101011100000010010011000100001000011001110000011101100011011101111110010101101101110101011111100110001100000111111100100, 0.6927083333333334, 0.6082474226804123, 0.4712230215827338, 12.496109
11001101100101000100010010001000111111001111110110010011101001101111001100001110100110110100111011011110000011111110000001111110011001000111110101000111010000101011110000010010011000100001000011001110000011101100001011101111010010101101101110101011111100110001100000111111100100, 0.6510416666666666, 0.634020618556701, 0.48201438848920863, 11.125523
11001111100100100100010010001000111110001111110110010011101001100111001100001110100110110100111011011110000011111110000001111110011001000111100101000111000000101011100000010010011000100001000011001110000011100100001011101111010010101101101010101011111100110001100000111111100101, 0.703125, 0.6443298969072165, 0.5, 17.728427

--------------------------------------------------------------------------------
|                         Maximum-descent Local Search                         |
--------------------------------------------------------------------------------
solution, training, test, reduction, time
11001111100101100100010010001000111110001111110110010011101001101111001100001110100110110100111011011110000011111110000001111110011001000111110101000111010000101011100000010010011000100001000011001110000011101100011011101111010010101101101110101011111100110001100000111111100100, 0.6494845360824743, 0.6197916666666666, 0.4784172661870504, 6.882508
11001111100101100100010010001000111110001111110110010011101001101111001100001110100110110100111011011110000011111110000001111110011001000111110101000111010000101011100000010010011000100001000011001110000011101100011011101111010010101101101110101011111100110001100000111111100100, 0.6391752577319587, 0.671875, 0.4784172661870504, 20.562076
11001111100101100100010010001000111110001111110110010011101001101111001100001110100110110100111011011110000011111110000001111110011001000111110101000111010000101011100000010010011000100001000011001110000011101100011011101111010010101101101110101011111100110001100000111111100101, 0.6701030927835051, 0.6302083333333334, 0.4748201438848921, 13.707006
11001111100101100100010010001000111110001111110110010011101001101111001100001110100110110100111011011110000011111110000001111110011001000111110101000111010000101011100000010010011000100001000011001110000011101100011011101111010010101101101110101011111100110001100000111111100100, 0.6443298969072165, 0.6041666666666666, 0.4784172661870504, 6.958066
11001111100101100100010010001000111110001111110110010011101001101111001100001110100110110100111011011110000011111110000001111110011001000111110101000111010000101011100000010010011000100001000011001110000011101100011011101111010010101101101110101011111100110001100000111111100101, 0.6649484536082474, 0.5989583333333334, 0.4748201438848921, 13.711289
11001111100101100100010010001000111110001111110110010011101001101111001100001110100110110100111011011110000011111110000001111110011001000111110101000111010000101011100000010010011000100001000011001110000011101100011011101111010010101101101110101011111100110001100000111111100100, 0.640625, 0.6494845360824743, 0.4784172661870504, 20.754193
11001111100101100100010010001000111110001111110110010011101001101111001100001110100110110100111011011110000011111110000001111110011001000111110101000111010000101011100000010010011000100001000011001110000011101100011011101111010010101101101110101011111100110001100000111111100100, 0.671875, 0.6185567010309279, 0.4784172661870504, 6.96808
11001111100101100100010010001000111110001111110110010011101001101111001100001110100110110100111011011110000011111110000001111110011001000111110101000111010000101011100000010010011000100001000011001110000011101100011011101111010010101101101110101011111100110001100000111111100101, 0.6354166666666666, 0.6494845360824743, 0.4748201438848921, 13.925287
11001111100101100100010010001000111110001111110110010011101001101111001100001110100110110100111011011110000011111110000001111110011001000111110101000111010000101011100000010010011000100001000011001110000011101100011011101111010010101101101110101011111100110001100000111111100101, 0.6145833333333334, 0.6443298969072165, 0.4748201438848921, 13.950651
11001111100101100100010010001000111110001111110110010011101001101111001100001110100110110100111011011110000011111110000001111110011001000111110101000111010000101011100000010010011000100001000011001110000011101100011011101111010010101101101110101011111100110001100000111111100100, 0.6041666666666666, 0.6443298969072165, 0.4784172661870504, 6.95971

--------------------------------------------------------------------------------
|                             Simulated Annealing                              |
--------------------------------------------------------------------------------
solution, training, test, reduction, time
11001111100101111100010110001010010100001111010101110011101011101111111001000000100110110100110111001110000011011110010000101110001100010111100101000101001010000100100010110000011100000001000101001110000010101000001001101111010111101101101111110011110100100001100000111111000000, 0.7010309278350515, 0.609375, 0.5143884892086331, 192.773737
01000110010101110100110000001000011010000110110110110001100010011110011010001110100110110101110011111110001000111111100000110110011001010111000101010111001010001010100001010011001000101001011001101110100111100001011001101111110010100101001100110011101101110001010101111101110100, 0.6907216494845361, 0.6614583333333334, 0.49280575539568344, 164.701277
11001110100101111100010111000000111110001100110110010001101111111110001110101110011011110110111011011111010010011110001111111010000001100010110101000101110000000011010001010000001000100111000011111111010011111100011011111101011010111101101110100011110100110100100000111111100000, 0.6701030927835051, 0.640625, 0.45323741007194246, 220.620654
11001111100100111000010010001010110000001111110101010011100101101111011100001110010110110110101011011000001000011110000011101100010101111110110001001110010000101011100001010110001110000001110010001111110011101100000011100111010010010101111000101011101100110000000010001110100000, 0.7422680412371134, 0.609375, 0.5143884892086331, 162.579223
11000111100111110100010010101000011110001110110100010001101101111111001100101110100110110100111001001110000011111110111011110110011011100111110100000111011000000011000000000010011100000001000011100110000001101100100010111101010010101100111100001111101100111001100000111111100100, 0.6649484536082474, 0.65625, 0.49280575539568344, 200.562339
11011111001110110100010110001000111110001100110000110001001110001010001101101110100110010000101010010010100011000110010111111010101001000011000001000011000001001101110001010010001000100001000001001111111011101001001010101111010110101101100110101011100100011011000011111011100100, 0.703125, 0.6649484536082474, 0.5251798561151079, 150.864361
11010011100101101001110110101100011000001110110000110111111001001110011000001110101101110110110011001110010010011110000011111010011101100111100100100100111000001001110001110011011110001010100110001101001011101100010001001111010010101101101110101001110100000001000000111111100000, 0.734375, 0.634020618556701, 0.49280575539568344, 205.537974
11001111110100010111010110011001011010101110110000100111101011111110111100011110111011100100110111011110000010110110100011111000001101000011101111000111010100010000000001010111011100100001001011101111100010101110001011101001010000101011111110111011101100100111110000011111100100, 0.7135416666666666, 0.6185567010309279, 0.44964028776978415, 184.326444
01001011110000110100010111111001011010000100110000110001100100000110001100001110111110110100111011011111000010111110000111111110011001001111100101010111010000100011000000010110000100100111000010101011100011100100001011100111011010101101101110101100101000100001000001111110010110, 0.6927083333333334, 0.6391752577319587, 0.5071942446043165, 148.785434
11000100100001110110010100001000011000001100110010010011001111111110101100001100100000110110011111011110000011010110001001101100001001000011110101010111010001100011100101100110011100100001001001111111011011000100000001001111011100101101101110111011010100110001010111111111100100, 0.7239583333333334, 0.5721649484536082, 0.5, 199.682449

--------------------------------------------------------------------------------
|                              Basic Tabu Search                               |
--------------------------------------------------------------------------------
solution, training, test, reduction, time
11111011000101101000000010011110101101111001010000010010010100101011101001111001001011000110111000010111011000111001111110110101010011111001001110100001101101110011100001100110110100010001001000001100000011000001100100001010110111010101000101111001000100010001100000001101010100, 0.7371134020618557, 0.6197916666666666, 0.5323741007194245, 334.237424
00100011100111100111001011011100011001011101000001100000010101000111001111111111000000001111101111111111001110000100111000110111011110001010101101010110110110001111101011110100110100010000111100011000100110101010000110011001010110111111111110011101001111001001001101101100011100, 0.7577319587628866, 0.640625, 0.4568345323741007, 351.388803
10100111101001110100001100101001111000111011000100000111111011011110100110110001111010100100111001100001010010011100101011001100100011110000111000100100011001101100100000111110000010011000101100010010001001011111000100000101111010010100101011001111101001000000110001111111001010, 0.7371134020618557, 0.640625, 0.5179856115107914, 352.589984
00000111100100101110010001111010001110101101101110110101010000001010110001110110111101001010101010001001100110110001110011100011111101100110001110000111110111111110101111010000011000010111001100101100100111110000010100010100010111011010000100111111011000011000011000011110101111, 0.7783505154639175, 0.6354166666666666, 0.4784172661870504, 352.012014
10100111000101010111110000001111000001001111101001011000001000100011101000111011111000111111110110100011011101001101000011010111100100100000000010101001101011000001001010000110111011101011011011010010110010101101011001011001101110000111001101111011100111111001010000011101111000, 0.7371134020618557, 0.6510416666666666, 0.4892086330935252, 363.799506
11111011100100100100101111111010100010001010010101110101100110000110000001001100110101111110110111101101001100001110110111010010000111111101001110001100100101111101010111111111011001110100101101010010010011000001001011101011001010101000001100010101110000000001001111001011111111, 0.71875, 0.6185567010309279, 0.4676258992805755, 366.840363
00000111010100101110111110101000101110101010001110010001111101110100001010111100110110101111101001100010001001011110010100011011000010111010010011110000110110110010101010000010000011011011110000010111100011011101111010010101100101100110111011011100001001100001111110011011101000, 0.7447916666666666, 0.654639175257732, 0.48201438848920863, 344.674875
10100111100100100100000110011100000011001011001010111101110011111001000110001111100001111110111100001000000000001111001000111110000110001001100010010110101101101001100100001110111110001000100110001000101001011000101101000110101101100101001110111111010010100000101010101110001110, 0.7760416666666666, 0.6288659793814433, 0.5215827338129496, 343.463018
00001111100111100101001011101111000110001101110000000111111100100010000111010010110011110011101101010010100110111011100010100101011110010000011110111100110011011001010001000011110011010010110110101101100001001111001111010101110011111010001100110101100101000001000011010011100001, 0.7552083333333334, 0.6494845360824743, 0.4856115107913669, 374.063151
11001111100001010110000111011010100001000101110111010000111011111110010011100100011000100010110010000011110000001000110110111010111111011000001100001101100101000010001111100100001110111100101101011001111001000110010101001101001101100100101100100111011111110100101011000001101001, 0.71875, 0.634020618556701, 0.5, 345.577539

--------------------------------------------------------------------------------
|                             Complete Tabu Search                             |
--------------------------------------------------------------------------------
solution, training, test, reduction, time
00010111100000110000000010110111111101111011010110100001000100110101000101010010011111010110001001111100101111100101000010011100000000010000101100001100101001111000010110010010001000001010000100110100011001101001110111111101000100111010110011100101011011001011111110001011001011, 0.7216494845360825, 0.671875, 0.5215827338129496, 489.24976
10000110100001100000110010001000111110001111100100010011011011100111001100001110100110110100101011011010001010111110010001111110000001000111101101010111001000101111000000010110011000110000100011001110000011101000010011111111010010001111101110101001101100110001100010111111100100, 0.6907216494845361, 0.6354166666666666, 0.5071942446043165, 489.671482
11111101111010111111111110111111111101111111111111111110101111111111111111111111110111111111111111111111111111111111111111111111110111111011111111111111011111111101111111111111111111110111111111111111111111111111111111111111111111111110111011111110111111110111111111111111111111, 0.7010309278350515, 0.6458333333333334, 0.06115107913669065, 582.677982
00101010000110111111001010101000000101101011111111101011000100100001001010101101000001100100010000101100100011111001001001001101100001111010101111111100011100000001000001000100111100100110001001101011100010101001110011011101100000100110101100000000110100011010010111110000001101, 0.7061855670103093, 0.640625, 0.539568345323741, 487.857663
00010010000000110000000010010110011100111011010110100001100100110101000100010010011101010010011001111100100111100101000010011100000000000000111100101100101101111000010110110010001000001011010100110100011000111011110111101101001100111010111010100101011011001010111000001011001001, 0.6958762886597938, 0.6197916666666666, 0.5467625899280576, 484.988917
11000111100001100100011110000001101110001111010110110111101001101001001000001110110110110100111011001110000011111110000001111110011001000111110100000111010011001010100000010011011000000001000011001110000011101100011111101101010010101101101110101011111110110001100000101011100100, 0.7395833333333334, 0.6391752577319587, 0.49640287769784175, 488.326826
00110010100000110000000010110110101101111011010110100001000100100001000110010010011111010110011011111100100111100101010000011100000000000011101110101100101101111000010010110010001000001010000000110100011001111011100111111101001100111010110011100101011011001011111000001011001011, 0.7447916666666666, 0.6391752577319587, 0.5251798561151079, 548.605812
10010000100100011000100101000000010000100001010100000000111001000000011001011011011000010111111001001001101001000101100000011001000000010110010101101110010010011111111100000100000101101001000111111000101111101110011110010111110110011001010001011101111010010000010111111010001000, 0.71875, 0.6391752577319587, 0.5575539568345323, 523.540021
11111001111010010001010000100011110000100011010101111111011111101010000011000011101011100000100100000100111011101011101110000001000100111110110001111000000101101010010000011100111110101011011101110101111100111001011011100100000110101111010000100001010001001001110100011100010110, 0.7239583333333334, 0.5927835051546392, 0.5, 516.021606
11001111100100100100010000001000111110000111111110000011100111100111010101001110100110110100111011011110000001111110110001101110101001000111110101000111010000101011100000010010111000100001000011000110000111101100001001101011010010101101101010101001111100110001100000111111100100, 0.7239583333333334, 0.6185567010309279, 0.5, 521.380287
